2014-07-20 14:24:24.0216 TRACE Downloaded 
2014-07-20 14:25:20.3764 TRACE Downloaded 
2014-07-20 14:25:42.8552 TRACE "USDEUR=X",0.7394,"7/20/2014","2:10pm",N/A,N/A,N/A,N/A,N/A
 
2014-07-20 14:25:54.2667 TRACE "USDEUR=X",0.7394,"7/20/2014","2:10pm",N/A,N/A,N/A,N/A,N/A
 
2014-07-20 14:26:05.8591 TRACE "USDEUR=X",0.7394,"7/20/2014","2:10pm",N/A,N/A,N/A,N/A,N/A
 
2014-07-20 14:26:19.2522 TRACE "USDEUR=X",0.7394,"7/20/2014","2:10pm",N/A,N/A,N/A,N/A,N/A
 
2014-07-20 14:26:51.8910 TRACE "USDEUR=X",0.7394,"7/20/2014","2:10pm",N/A,N/A,N/A,N/A,N/A
 
2014-07-20 14:27:03.0193 TRACE "USDEUR=X",0.7394,"7/20/2014","2:10pm",N/A,N/A,N/A,N/A,N/A
 
2014-07-20 14:27:15.8302 TRACE "USDEUR=X",0.7394,"7/20/2014","2:10pm",N/A,N/A,N/A,N/A,N/A
 
2014-07-20 14:47:10.8243 TRACE "USDEUR=X",0.7394,"7/20/2014","2:10pm",N/A,N/A,N/A,N/A,N/A
 
2014-07-20 14:48:32.4109 TRACE "USDEUR=X",0.7394,"7/20/2014","2:10pm",N/A,N/A,N/A,N/A,N/A
 
2014-07-20 14:48:43.0510 TRACE "USDEUR=X",0.7394,"7/20/2014","2:10pm",N/A,N/A,N/A,N/A,N/A
 
2014-07-20 14:49:13.4432 TRACE "USDEUR=X",0.7394,"7/20/2014","2:10pm",N/A,N/A,N/A,N/A,N/A
 
2014-07-20 14:49:26.0031 TRACE "USDEUR=X",0.7394,"7/20/2014","2:10pm",N/A,N/A,N/A,N/A,N/A
 
2014-07-20 14:49:37.9176 TRACE "USDEUR=X",0.7394,"7/20/2014","2:10pm",N/A,N/A,N/A,N/A,N/A
 
2014-07-20 14:49:53.7674 TRACE "USDEUR=X",0.7394,"7/20/2014","2:10pm",N/A,N/A,N/A,N/A,N/A
 
2014-07-20 15:28:07.2825 TRACE "USDEUR=X",0.7394,"7/20/2014","2:10pm",N/A,N/A,N/A,N/A,N/A
 
2014-07-20 15:28:27.2797 TRACE "USDEUR=X",0.7394,"7/20/2014","2:10pm",N/A,N/A,N/A,N/A,N/A
 
2014-07-20 16:55:42.0563 TRACE "USDEUR",0.00,"N/A","N/A",N/A,N/A,N/A,N/A,N/A
"=",0.00,"N/A","N/A",N/A,N/A,N/A,N/A,N/A
"X",27.38,"7/18/2014","4:01pm",+0.78,26.62,27.69,26.59,6584610
 
2014-07-20 16:55:59.3516 TRACE "USDEUR",0.00,"N/A","N/A",N/A,N/A,N/A,N/A,N/A
"=",0.00,"N/A","N/A",N/A,N/A,N/A,N/A,N/A
"X",27.38,"7/18/2014","4:01pm",+0.78,26.62,27.69,26.59,6584610
 
2014-07-20 17:00:43.1296 TRACE "USDEUR",0.00,"N/A","N/A",N/A,N/A,N/A,N/A,N/A
"=",0.00,"N/A","N/A",N/A,N/A,N/A,N/A,N/A
"X",27.38,"7/18/2014","4:01pm",+0.78,26.62,27.69,26.59,6584610
 
2014-07-20 17:07:28.5123 TRACE "USDEUR",0.00,"N/A","5:12pm",N/A,N/A,N/A,N/A,N/A
"=",0.00,"N/A","N/A",N/A,N/A,N/A,N/A,N/A
"X",27.38,"7/18/2014","4:01pm",+0.78,26.62,27.69,26.59,6584610
 
2014-07-20 17:07:45.1583 TRACE "USDEUR",0.00,"N/A","N/A",N/A,N/A,N/A,N/A,N/A
"=",0.00,"N/A","N/A",N/A,N/A,N/A,N/A,N/A
"X",27.38,"7/18/2014","4:01pm",+0.78,26.62,27.69,26.59,6584610
 
2014-07-20 17:08:04.5132 TRACE "USDEUR=X",0.7253,"4/2/2014","9:02am",N/A,N/A,N/A,N/A,N/A
 
2014-07-20 23:38:58.0580 TRACE "USDEUR=X",0.739,"7/21/2014","11:38pm",N/A,N/A,N/A,N/A,N/A
 
2014-07-20 23:39:27.9462 TRACE "USDEUR=X",0.739,"7/21/2014","11:38pm",N/A,N/A,N/A,N/A,N/A
 
